<?xml version="1.0" encoding="UTF-8"?>
<!-- Generated by org.testng.reporters.JUnitXMLReporter -->
<testsuite ignored="0" hostname="LAPTOP-6OGFVBRH" failures="2" tests="4" name="Dependency Test" time="0.071" errors="0" timestamp="2021-09-29T16:04:57 EDT">
  <testcase classname="seleniumtesting.testng" name="doUserReg" time="0.016">
    <failure type="java.lang.AssertionError" message="Failed test case***********">
      <![CDATA[java.lang.AssertionError: Failed test case***********
at seleniumtesting.testng.doUserReg(testng.java:13)
at java.base/java.util.ArrayList.forEach(ArrayList.java:1511)
... Removed 28 stack frames]]>
    </failure>
  </testcase> <!-- doUserReg -->
  <testcase classname="seleniumtesting.testng" name="doLogin" time="0.002"/>
  <testcase classname="seleniumtesting.testng" name="thirdtest" time="0.001"/>
  <testcase classname="seleniumtesting.testng" name="fourthtest" time="0.001">
    <failure type="java.lang.AssertionError" message="Failed test case***********">
      <![CDATA[java.lang.AssertionError: Failed test case***********
at seleniumtesting.testng.fourthtest(testng.java:26)
at java.base/java.util.ArrayList.forEach(ArrayList.java:1511)
... Removed 28 stack frames]]>
    </failure>
  </testcase> <!-- fourthtest -->
</testsuite> <!-- Dependency Test -->
